[2022-04-06 01:50:02.621] [sharedprocess] [warning] No ptyHost heartbeat after 6 seconds
[2022-04-06 01:50:03.260] [sharedprocess] [info] Starting worker process with pid 80647 (type: fileWatcher, window: 1).
[2022-04-06 01:50:06.317] [sharedprocess] [info] Getting Manifest... ms-vscode.js-debug-companion
[2022-04-06 01:50:06.323] [sharedprocess] [info] Getting Manifest... ms-vscode.references-view
[2022-04-06 01:50:07.120] [sharedprocess] [info] Installing extension: ms-vscode.references-view
[2022-04-06 01:50:07.140] [sharedprocess] [info] Installing extension: ms-vscode.js-debug-companion
[2022-04-06 01:50:10.648] [sharedprocess] [info] Downloaded extension: ms-vscode.references-view /home/samucancld/.config/Code/CachedExtensionVSIXs/ms-vscode.references-view-0.0.89
[2022-04-06 01:50:10.735] [sharedprocess] [info] Downloaded extension: ms-vscode.js-debug-companion /home/samucancld/.config/Code/CachedExtensionVSIXs/ms-vscode.js-debug-companion-1.0.17
[2022-04-06 01:50:10.861] [sharedprocess] [info] Extracted extension to /home/samucancld/.vscode/extensions/.b576c403-02fa-4cb2-a78a-1fbeb1be9f13: ms-vscode.references-view
[2022-04-06 01:50:10.893] [sharedprocess] [info] Renamed to /home/samucancld/.vscode/extensions/ms-vscode.references-view-0.0.89
[2022-04-06 01:50:10.902] [sharedprocess] [info] Extracting completed. ms-vscode.references-view
[2022-04-06 01:50:10.916] [sharedprocess] [info] Extension installed successfully: ms-vscode.references-view
[2022-04-06 01:50:10.923] [sharedprocess] [info] Extracted extension to /home/samucancld/.vscode/extensions/.f3202cdc-30fb-485a-8c7a-4d9a690df28e: ms-vscode.js-debug-companion
[2022-04-06 01:50:10.938] [sharedprocess] [info] Renamed to /home/samucancld/.vscode/extensions/ms-vscode.js-debug-companion-1.0.17
[2022-04-06 01:50:10.946] [sharedprocess] [info] Extracting completed. ms-vscode.js-debug-companion
[2022-04-06 01:50:10.968] [sharedprocess] [info] Extension installed successfully: ms-vscode.js-debug-companion
[2022-04-06 01:52:10.842] [sharedprocess] [info] Getting Manifest... ms-python.python
[2022-04-06 01:52:10.854] [sharedprocess] [info] Installing extension: ms-python.python
[2022-04-06 01:52:11.502] [sharedprocess] [info] Getting Manifest... ms-toolsai.jupyter
[2022-04-06 01:52:12.736] [sharedprocess] [info] Getting Manifest... ms-toolsai.jupyter-keymap
[2022-04-06 01:52:13.549] [sharedprocess] [info] Getting Manifest... ms-toolsai.jupyter-renderers
[2022-04-06 01:52:14.328] [sharedprocess] [info] Getting Manifest... ms-python.vscode-pylance
[2022-04-06 01:52:15.288] [sharedprocess] [info] Installing extension: ms-toolsai.jupyter
[2022-04-06 01:52:15.290] [sharedprocess] [info] Installing extension: ms-toolsai.jupyter-keymap
[2022-04-06 01:52:15.290] [sharedprocess] [info] Installing extension: ms-toolsai.jupyter-renderers
[2022-04-06 01:52:15.291] [sharedprocess] [info] Installing extension: ms-python.vscode-pylance
[2022-04-06 01:52:19.351] [sharedprocess] [info] Downloaded extension: ms-toolsai.jupyter-keymap /home/samucancld/.config/Code/CachedExtensionVSIXs/ms-toolsai.jupyter-keymap-1.0.0
[2022-04-06 01:52:19.478] [sharedprocess] [info] Extracted extension to /home/samucancld/.vscode/extensions/.908f7dc4-774e-41bd-bc2b-e7127602d0f0: ms-toolsai.jupyter-keymap
[2022-04-06 01:52:19.507] [sharedprocess] [info] Renamed to /home/samucancld/.vscode/extensions/ms-toolsai.jupyter-keymap-1.0.0
[2022-04-06 01:52:19.514] [sharedprocess] [info] Extracting completed. ms-toolsai.jupyter-keymap
[2022-04-06 01:52:21.249] [sharedprocess] [info] Downloaded extension: ms-toolsai.jupyter-renderers /home/samucancld/.config/Code/CachedExtensionVSIXs/ms-toolsai.jupyter-renderers-1.0.6
[2022-04-06 01:52:22.217] [sharedprocess] [info] Downloaded extension: ms-python.python /home/samucancld/.config/Code/CachedExtensionVSIXs/ms-python.python-2022.4.0
[2022-04-06 01:52:23.639] [sharedprocess] [info] Downloaded extension: ms-toolsai.jupyter /home/samucancld/.config/Code/CachedExtensionVSIXs/ms-toolsai.jupyter-2022.3.1000901801
[2022-04-06 01:52:23.644] [sharedprocess] [info] Extracted extension to /home/samucancld/.vscode/extensions/.177cb64c-5e73-4615-a157-e12ab4df1fd0: ms-toolsai.jupyter-renderers
[2022-04-06 01:52:23.690] [sharedprocess] [info] Renamed to /home/samucancld/.vscode/extensions/ms-toolsai.jupyter-renderers-1.0.6
[2022-04-06 01:52:23.711] [sharedprocess] [info] Extracting completed. ms-toolsai.jupyter-renderers
[2022-04-06 01:52:28.175] [sharedprocess] [info] Extracted extension to /home/samucancld/.vscode/extensions/.10bc959f-87a3-41db-945f-413eb1c77672: ms-toolsai.jupyter
[2022-04-06 01:52:28.210] [sharedprocess] [info] Renamed to /home/samucancld/.vscode/extensions/ms-toolsai.jupyter-2022.3.1000901801
[2022-04-06 01:52:28.223] [sharedprocess] [info] Extracting completed. ms-toolsai.jupyter
[2022-04-06 01:52:32.807] [sharedprocess] [info] Extracted extension to /home/samucancld/.vscode/extensions/.2521f89f-d790-47c8-91ef-7caae1be2457: ms-python.python
[2022-04-06 01:52:32.833] [sharedprocess] [info] Renamed to /home/samucancld/.vscode/extensions/ms-python.python-2022.4.0
[2022-04-06 01:52:32.838] [sharedprocess] [info] Extracting completed. ms-python.python
[2022-04-06 01:52:37.597] [sharedprocess] [info] Downloaded extension: ms-python.vscode-pylance /home/samucancld/.config/Code/CachedExtensionVSIXs/ms-python.vscode-pylance-2022.3.4
[2022-04-06 01:52:46.128] [sharedprocess] [info] Extracted extension to /home/samucancld/.vscode/extensions/.a1e884c0-28ec-4a5e-8a42-167f86ec1d39: ms-python.vscode-pylance
[2022-04-06 01:52:46.184] [sharedprocess] [info] Renamed to /home/samucancld/.vscode/extensions/ms-python.vscode-pylance-2022.3.4
[2022-04-06 01:52:46.188] [sharedprocess] [info] Extracting completed. ms-python.vscode-pylance
[2022-04-06 01:52:46.198] [sharedprocess] [info] Extension installed successfully: ms-toolsai.jupyter-keymap
[2022-04-06 01:52:46.199] [sharedprocess] [info] Extension installed successfully: ms-toolsai.jupyter-renderers
[2022-04-06 01:52:46.199] [sharedprocess] [info] Extension installed successfully: ms-toolsai.jupyter
[2022-04-06 01:52:46.200] [sharedprocess] [info] Extension installed successfully: ms-python.python
[2022-04-06 01:52:46.200] [sharedprocess] [info] Extension installed successfully: ms-python.vscode-pylance
