[2022-04-04T00:05:23.023Z] Validating found git in: git
[2022-04-04T00:05:23.250Z] Using git 2.35.1 from git
[2022-04-04T00:05:23.362Z] > git rev-parse --git-dir [22ms]
[2022-04-04T00:05:23.395Z] Open repository: /home/samucancld/workspace/miweb
[2022-04-04T00:05:23.905Z] > git symbolic-ref --short HEAD [144ms]
[2022-04-04T00:05:23.987Z] > git for-each-ref --format=%(refname)%00%(upstream:short)%00%(objectname)%00%(upstream:track) refs/heads/master refs/remotes/master [34ms]
[2022-04-04T00:05:24.047Z] > git remote --verbose [2ms]
[2022-04-04T00:05:24.047Z] > git for-each-ref --sort -committerdate --format %(refname) %(objectname) %(*objectname) [24ms]
[2022-04-04T00:05:24.063Z] > git config --get commit.template [3ms]
[2022-04-04T00:05:24.426Z] > git ls-files --stage -- /home/samucancld/workspace/miweb/.env [5ms]
[2022-04-04T00:05:31.237Z] > git ls-files --stage -- /home/samucancld/workspace/miweb/gitignore [1ms]
[2022-04-04T00:05:33.137Z] > git symbolic-ref --short HEAD [4ms]
[2022-04-04T00:05:33.201Z] > git for-each-ref --format=%(refname)%00%(upstream:short)%00%(objectname)%00%(upstream:track) refs/heads/master refs/remotes/master [24ms]
[2022-04-04T00:05:33.258Z] > git for-each-ref --sort -committerdate --format %(refname) %(objectname) %(*objectname) [41ms]
[2022-04-04T00:05:33.259Z] > git remote --verbose [3ms]
[2022-04-04T00:05:33.319Z] > git config --get commit.template [11ms]
[2022-04-04T00:06:16.462Z] > git symbolic-ref --short HEAD [3ms]
[2022-04-04T00:06:16.515Z] > git for-each-ref --format=%(refname)%00%(upstream:short)%00%(objectname)%00%(upstream:track) refs/heads/master refs/remotes/master [18ms]
[2022-04-04T00:06:16.623Z] > git for-each-ref --sort -committerdate --format %(refname) %(objectname) %(*objectname) [39ms]
[2022-04-04T00:06:16.624Z] > git remote --verbose [5ms]
[2022-04-04T00:06:16.673Z] > git config --get commit.template [14ms]
[2022-04-04T00:06:42.722Z] > git symbolic-ref --short HEAD [1ms]
[2022-04-04T00:06:42.727Z] > git for-each-ref --format=%(refname)%00%(upstream:short)%00%(objectname)%00%(upstream:track) refs/heads/master refs/remotes/master [2ms]
[2022-04-04T00:06:42.737Z] > git for-each-ref --sort -committerdate --format %(refname) %(objectname) %(*objectname) [4ms]
[2022-04-04T00:06:42.738Z] > git remote --verbose [2ms]
[2022-04-04T00:06:42.745Z] > git config --get commit.template [2ms]
[2022-04-04T00:06:43.172Z] > git ls-files --stage -- /home/samucancld/workspace/miweb/.env [2ms]
[2022-04-04T00:07:04.625Z] > git symbolic-ref --short HEAD [1ms]
[2022-04-04T00:07:04.631Z] > git for-each-ref --format=%(refname)%00%(upstream:short)%00%(objectname)%00%(upstream:track) refs/heads/master refs/remotes/master [1ms]
[2022-04-04T00:07:04.641Z] > git for-each-ref --sort -committerdate --format %(refname) %(objectname) %(*objectname) [5ms]
[2022-04-04T00:07:04.641Z] > git remote --verbose [1ms]
[2022-04-04T00:07:04.651Z] > git config --get commit.template [4ms]
[2022-04-04T00:08:29.263Z] > git symbolic-ref --short HEAD [3ms]
[2022-04-04T00:08:29.283Z] > git for-each-ref --format=%(refname)%00%(upstream:short)%00%(objectname)%00%(upstream:track) refs/heads/master refs/remotes/master [4ms]
[2022-04-04T00:08:29.301Z] > git for-each-ref --sort -committerdate --format %(refname) %(objectname) %(*objectname) [8ms]
[2022-04-04T00:08:29.301Z] > git remote --verbose [2ms]
[2022-04-04T00:08:29.320Z] > git config --get commit.template [4ms]
[2022-04-04T00:08:31.595Z] > git ls-files --stage -- /home/samucancld/workspace/miweb/.gitignore [28ms]
[2022-04-04T00:08:31.628Z] > git cat-file -s 13dfa3637203ed8cbbc86454dbebbbe912d13c10 [13ms]
[2022-04-04T00:08:34.343Z] > git symbolic-ref --short HEAD [2ms]
[2022-04-04T00:08:34.348Z] > git for-each-ref --format=%(refname)%00%(upstream:short)%00%(objectname)%00%(upstream:track) refs/heads/master refs/remotes/master [1ms]
[2022-04-04T00:08:34.376Z] > git for-each-ref --sort -committerdate --format %(refname) %(objectname) %(*objectname) [11ms]
[2022-04-04T00:08:34.377Z] > git remote --verbose [5ms]
[2022-04-04T00:08:34.392Z] > git config --get commit.template [6ms]
[2022-04-04T00:08:35.720Z] > git ls-files --stage -- /home/samucancld/workspace/miweb/archivo1.txt [7ms]
[2022-04-04T00:08:35.779Z] > git cat-file -s 030b241b427f512a5f2f83c455e9f9517b292f7e [3ms]
[2022-04-04T00:08:45.485Z] > git ls-files --stage -- /home/samucancld/workspace/miweb/archivo2.txt [4ms]
[2022-04-04T00:08:46.208Z] > git symbolic-ref --short HEAD [1ms]
[2022-04-04T00:08:46.216Z] > git for-each-ref --format=%(refname)%00%(upstream:short)%00%(objectname)%00%(upstream:track) refs/heads/master refs/remotes/master [2ms]
[2022-04-04T00:08:46.250Z] > git for-each-ref --sort -committerdate --format %(refname) %(objectname) %(*objectname) [21ms]
[2022-04-04T00:08:46.260Z] > git remote --verbose [16ms]
[2022-04-04T00:08:46.283Z] > git config --get commit.template [1ms]
[2022-04-04T00:08:49.577Z] > git ls-files --stage -- /home/samucancld/workspace/miweb/archivo1.txt [1ms]
[2022-04-04T00:08:49.590Z] > git cat-file -s 030b241b427f512a5f2f83c455e9f9517b292f7e [6ms]
[2022-04-04T00:08:50.834Z] > git ls-files --stage -- /home/samucancld/workspace/miweb/.gitignore [2ms]
[2022-04-04T00:08:50.841Z] > git cat-file -s 13dfa3637203ed8cbbc86454dbebbbe912d13c10 [2ms]
[2022-04-04T00:08:51.307Z] > git symbolic-ref --short HEAD [2ms]
[2022-04-04T00:08:51.312Z] > git for-each-ref --format=%(refname)%00%(upstream:short)%00%(objectname)%00%(upstream:track) refs/heads/master refs/remotes/master [1ms]
[2022-04-04T00:08:51.335Z] > git for-each-ref --sort -committerdate --format %(refname) %(objectname) %(*objectname) [9ms]
[2022-04-04T00:08:51.340Z] > git remote --verbose [7ms]
[2022-04-04T00:08:51.372Z] > git config --get commit.template [13ms]
[2022-04-04T00:12:37.736Z] > git ls-files --stage -- /home/samucancld/workspace/miweb/.gitignore [3ms]
[2022-04-04T00:12:37.744Z] > git symbolic-ref --short HEAD [39ms]
[2022-04-04T00:12:37.759Z] > git cat-file -s 2eea525d885d5148108f6f3a9a8613863f783d36 [15ms]
[2022-04-04T00:12:37.767Z] > git for-each-ref --format=%(refname)%00%(upstream:short)%00%(objectname)%00%(upstream:track) refs/heads/master refs/remotes/master [11ms]
[2022-04-04T00:12:37.799Z] > git remote --verbose [18ms]
[2022-04-04T00:12:37.799Z] > git for-each-ref --sort -committerdate --format %(refname) %(objectname) %(*objectname) [24ms]
[2022-04-04T00:12:37.812Z] > git config --get commit.template [2ms]
[2022-04-04T00:12:40.621Z] > git ls-files --stage -- /home/samucancld/workspace/miweb/archivo2.txt [18ms]
[2022-04-04T00:12:40.677Z] > git cat-file -s 030b241b427f512a5f2f83c455e9f9517b292f7e [10ms]
[2022-04-04T00:12:42.870Z] > git symbolic-ref --short HEAD [11ms]
[2022-04-04T00:12:42.889Z] > git for-each-ref --format=%(refname)%00%(upstream:short)%00%(objectname)%00%(upstream:track) refs/heads/master refs/remotes/master [10ms]
[2022-04-04T00:12:42.950Z] > git for-each-ref --sort -committerdate --format %(refname) %(objectname) %(*objectname) [27ms]
[2022-04-04T00:12:42.951Z] > git remote --verbose [7ms]
[2022-04-04T00:12:42.975Z] > git config --get commit.template [2ms]
[2022-04-04T00:16:03.967Z] > git symbolic-ref --short HEAD [7ms]
[2022-04-04T00:16:03.992Z] > git for-each-ref --format=%(refname)%00%(upstream:short)%00%(objectname)%00%(upstream:track) refs/heads/master refs/remotes/master [6ms]
[2022-04-04T00:16:04.060Z] > git for-each-ref --sort -committerdate --format %(refname) %(objectname) %(*objectname) [47ms]
[2022-04-04T00:16:04.073Z] > git remote --verbose [14ms]
[2022-04-04T00:16:04.163Z] > git config --get commit.template [17ms]
[2022-04-04T00:26:07.004Z] > git symbolic-ref --short HEAD [19ms]
[2022-04-04T00:26:07.033Z] > git for-each-ref --format=%(refname)%00%(upstream:short)%00%(objectname)%00%(upstream:track) refs/heads/ramab refs/remotes/ramab [8ms]
[2022-04-04T00:26:07.237Z] > git remote --verbose [120ms]
[2022-04-04T00:26:07.238Z] > git for-each-ref --sort -committerdate --format %(refname) %(objectname) %(*objectname) [160ms]
[2022-04-04T00:26:07.267Z] > git ls-files --stage -- /home/samucancld/workspace/miweb/archivo2.txt [80ms]
[2022-04-04T00:26:07.312Z] > git config --get commit.template [47ms]
[2022-04-04T00:26:07.328Z] > git cat-file -s 030b241b427f512a5f2f83c455e9f9517b292f7e [22ms]
[2022-04-04T00:26:12.338Z] > git symbolic-ref --short HEAD [2ms]
[2022-04-04T00:26:12.352Z] > git for-each-ref --format=%(refname)%00%(upstream:short)%00%(objectname)%00%(upstream:track) refs/heads/ramab refs/remotes/ramab [4ms]
[2022-04-04T00:26:12.364Z] > git for-each-ref --sort -committerdate --format %(refname) %(objectname) %(*objectname) [6ms]
[2022-04-04T00:26:12.365Z] > git remote --verbose [2ms]
[2022-04-04T00:26:12.375Z] > git config --get commit.template [2ms]
[2022-04-04T00:26:17.407Z] > git symbolic-ref --short HEAD [2ms]
[2022-04-04T00:26:17.423Z] > git for-each-ref --format=%(refname)%00%(upstream:short)%00%(objectname)%00%(upstream:track) refs/heads/ramab refs/remotes/ramab [3ms]
[2022-04-04T00:26:17.434Z] > git for-each-ref --sort -committerdate --format %(refname) %(objectname) %(*objectname) [5ms]
[2022-04-04T00:26:17.435Z] > git remote --verbose [2ms]
[2022-04-04T00:26:17.450Z] > git config --get commit.template [6ms]
[2022-04-04T00:29:01.830Z] > git symbolic-ref --short HEAD [24ms]
[2022-04-04T00:29:01.845Z] > git ls-files --stage -- /home/samucancld/workspace/miweb/archivo2.txt [17ms]
[2022-04-04T00:29:01.857Z] > git for-each-ref --format=%(refname)%00%(upstream:short)%00%(objectname)%00%(upstream:track) refs/heads/ramab refs/remotes/ramab [15ms]
[2022-04-04T00:29:01.873Z] > git remote --verbose [3ms]
[2022-04-04T00:29:01.873Z] > git for-each-ref --sort -committerdate --format %(refname) %(objectname) %(*objectname) [10ms]
[2022-04-04T00:29:01.874Z] > git cat-file -s df55c79d905d4e663ae65c02e8818ae1514aaead [18ms]
[2022-04-04T00:29:01.912Z] > git config --get commit.template [12ms]
[2022-04-04T00:59:49.042Z] > git symbolic-ref --short HEAD [41ms]
[2022-04-04T00:59:49.051Z] > git ls-files --stage -- /home/samucancld/workspace/miweb/archivo2.txt [11ms]
[2022-04-04T00:59:49.072Z] > git for-each-ref --format=%(refname)%00%(upstream:short)%00%(objectname)%00%(upstream:track) refs/heads/master refs/remotes/master [22ms]
[2022-04-04T00:59:49.105Z] > git for-each-ref --sort -committerdate --format %(refname) %(objectname) %(*objectname) [14ms]
[2022-04-04T00:59:49.106Z] > git cat-file -s df55c79d905d4e663ae65c02e8818ae1514aaead [35ms]
[2022-04-04T00:59:49.107Z] > git remote --verbose [3ms]
[2022-04-04T00:59:49.143Z] > git config --get commit.template [16ms]
