Visual Studio Code (1.66.0, undefined, desktop)
Jupyter Extension Version: 2022.3.1000901801.
Python Extension Version: 2022.4.0.
Workspace folder ~/Documents/free-code-camp-python
Info 01:52:48: ZMQ install verified.
Error 01:52:48: Jupyter Extension (Error in Failed to update settings.json, method:fixSettingsFile): [EntryNotFound (FileSystemError): Unable to read file '/home/samucancld/.config/Code/User/settings.json' (Error: Unable to resolve nonexistent file '/home/samucancld/.config/Code/User/settings.json')
	at Function._handleError (/usr/share/code/resources/app/out/vs/workbench/api/node/extensionHostProcess.js:85:88131)
	at Object.readFile (/usr/share/code/resources/app/out/vs/workbench/api/node/extensionHostProcess.js:85:87045)
	at processTicksAndRejections (node:internal/process/task_queues:96:5)
	at async m.readFile (/home/samucancld/.vscode/extensions/ms-toolsai.jupyter-2022.3.1000901801/out/extension.js:2:781578)
	at async g.fixSettingsFile (/home/samucancld/.vscode/extensions/ms-toolsai.jupyter-2022.3.1000901801/out/extension.js:2:688898)
	at async Promise.all (index 0)
	at async g.updateSettings (/home/samucancld/.vscode/extensions/ms-toolsai.jupyter-2022.3.1000901801/out/extension.js:2:690660)] {
  code: 'FileNotFound'
}
Error 01:52:48: Jupyter Extension (Error in Failed to update settings.json, method:fixSettingsFile): [EntryNotFound (FileSystemError): Unable to read file '/home/samucancld/Documents/free-code-camp-python/.vscode/settings.json' (Error: Unable to resolve nonexistent file '/home/samucancld/Documents/free-code-camp-python/.vscode/settings.json')
	at Function._handleError (/usr/share/code/resources/app/out/vs/workbench/api/node/extensionHostProcess.js:85:88131)
	at Object.readFile (/usr/share/code/resources/app/out/vs/workbench/api/node/extensionHostProcess.js:85:87045)
	at processTicksAndRejections (node:internal/process/task_queues:96:5)
	at async m.readFile (/home/samucancld/.vscode/extensions/ms-toolsai.jupyter-2022.3.1000901801/out/extension.js:2:781578)
	at async g.fixSettingsFile (/home/samucancld/.vscode/extensions/ms-toolsai.jupyter-2022.3.1000901801/out/extension.js:2:688898)
	at async Promise.all (index 1)
	at async g.updateSettings (/home/samucancld/.vscode/extensions/ms-toolsai.jupyter-2022.3.1000901801/out/extension.js:2:690660)] {
  code: 'FileNotFound'
}
Info 01:52:49: Experiment status for python is {"enabled":true,"optInto":[],"optOutFrom":[]}
Info 01:52:50: Getting activation commands for /bin/python3.10 are not cached. May take a while.
Info 01:52:50: Process Execution: > /bin/python3.10 -m pip list
> /bin/python3.10 -m pip list
Info 01:52:50: Process Execution: > /bin/python3.10 -c "import pip"
> /bin/python3.10 -c "import pip"
Info 02:36:12: Shutting down notebooks for 28718a30-03ec-4121-9fdd-3a9cfff4e192
Info 02:36:12: Disposing HostJupyterExecution 3d941574-871a-4757-ac33-7380ec4b3e02
Info 02:36:12: Disposing super HostJupyterExecution 3d941574-871a-4757-ac33-7380ec4b3e02
Info 02:36:12: Disposing HostJupyterExecution 3d941574-871a-4757-ac33-7380ec4b3e02
Info 02:36:12: Finished disposing HostJupyterExecution  3d941574-871a-4757-ac33-7380ec4b3e02
Info 02:36:12: Cleaning up server cache 3d941574-871a-4757-ac33-7380ec4b3e02
Info 02:36:12: Finished disposing HostJupyterExecution  3d941574-871a-4757-ac33-7380ec4b3e02
