[2022-04-03T23:31:19.771Z] Validating found git in: git
[2022-04-03T23:31:19.821Z] Using git 2.35.1 from git
[2022-04-03T23:31:19.859Z] > git rev-parse --git-dir [6ms]
[2022-04-03T23:31:19.874Z] Open repository: /home/samucancld/workspace/miweb
[2022-04-03T23:31:19.897Z] > git symbolic-ref --short HEAD [2ms]
[2022-04-03T23:31:19.918Z] > git for-each-ref --format=%(refname)%00%(upstream:short)%00%(objectname)%00%(upstream:track) refs/heads/master refs/remotes/master [3ms]
[2022-04-03T23:31:19.949Z] > git remote --verbose [7ms]
[2022-04-03T23:31:19.949Z] > git for-each-ref --sort -committerdate --format %(refname) %(objectname) %(*objectname) [18ms]
[2022-04-03T23:31:19.977Z] > git config --get commit.template [4ms]
[2022-04-03T23:31:49.736Z] > git ls-files --stage -- /home/samucancld/workspace/miweb/archivo1.txt [6ms]
[2022-04-03T23:31:50.338Z] > git symbolic-ref --short HEAD [1ms]
[2022-04-03T23:31:50.354Z] > git for-each-ref --format=%(refname)%00%(upstream:short)%00%(objectname)%00%(upstream:track) refs/heads/master refs/remotes/master [4ms]
[2022-04-03T23:31:50.365Z] > git for-each-ref --sort -committerdate --format %(refname) %(objectname) %(*objectname) [7ms]
[2022-04-03T23:31:50.365Z] > git remote --verbose [2ms]
[2022-04-03T23:31:50.374Z] > git config --get commit.template [2ms]
[2022-04-03T23:32:07.308Z] > git symbolic-ref --short HEAD [13ms]
[2022-04-03T23:32:07.343Z] > git for-each-ref --format=%(refname)%00%(upstream:short)%00%(objectname)%00%(upstream:track) refs/heads/master refs/remotes/master [12ms]
[2022-04-03T23:32:07.377Z] > git for-each-ref --sort -committerdate --format %(refname) %(objectname) %(*objectname) [13ms]
[2022-04-03T23:32:07.378Z] > git remote --verbose [4ms]
[2022-04-03T23:32:07.401Z] > git config --get commit.template [3ms]
[2022-04-03T23:32:12.843Z] > git symbolic-ref --short HEAD [5ms]
[2022-04-03T23:32:12.853Z] > git for-each-ref --format=%(refname)%00%(upstream:short)%00%(objectname)%00%(upstream:track) refs/heads/master refs/remotes/master [3ms]
[2022-04-03T23:32:12.874Z] > git for-each-ref --sort -committerdate --format %(refname) %(objectname) %(*objectname) [11ms]
[2022-04-03T23:32:12.875Z] > git remote --verbose [5ms]
[2022-04-03T23:32:12.892Z] > git config --get commit.template [5ms]
